%!Adobe-FontList 1.14
%Locale:0x41e

%BeginFont
Handler:DirectoryHandler
FontType:Type1
FontName:HelveticaNeueLTPro-BlkCn
FamilyName:Helvetica Neue LT Pro
StyleName:97 Black Condensed
FullName:Helvetica Neue LT Pro 97 Black Condensed
MenuName:HelveticaNeueLT Pro 97 BlkCn
StyleBits:0
WritingScript:Roman
OutlineFileName:D:\duckhams\ตัดเว็บ\Font\HelveticaNeueLTPro-BlkCn.otf
DataFormat:sfntData
UsesStandardEncoding:yes
isCFF:yes
FileLength:47836
FileModTime:1118915588
WeightClass:900
WidthClass:5
AngleClass:0
%EndFont

%BeginFont
Handler:DirectoryHandler
FontType:Type1
FontName:HelveticaNeueLTPro-Cn
FamilyName:Helvetica Neue LT Pro
StyleName:57 Condensed
FullName:Helvetica Neue LT Pro 57 Condensed
MenuName:HelveticaNeueLT Pro 57 Cn
StyleBits:0
WritingScript:Roman
OutlineFileName:D:\duckhams\ตัดเว็บ\Font\HelveticaNeueLTPro-Cn.otf
DataFormat:sfntData
UsesStandardEncoding:yes
isCFF:yes
FileLength:45772
FileModTime:1118915602
WeightClass:400
WidthClass:5
AngleClass:0
%EndFont

